# JRE version: OpenJDK Runtime Environment (8.0_152-b01) (build 1.8.0_152-release-1343-b01)
# Java VM: OpenJDK 64-Bit Server VM (25.152-b01 mixed mode windows-amd64 compressed oops)
Heap:
 PSYoungGen      total 190464K, used 15614K [0x00000000e0000000, 0x00000000ed500000, 0x0000000100000000)
  eden space 174592K, 8% used [0x00000000e0000000,0x00000000e0f3f998,0x00000000eaa80000)
  from space 15872K, 0% used [0x00000000eb980000,0x00000000eb980000,0x00000000ec900000)
  to   space 15360K, 0% used [0x00000000eaa80000,0x00000000eaa80000,0x00000000eb980000)
 ParOldGen       total 89600K, used 32079K [0x00000000a0000000, 0x00000000a5780000, 0x00000000e0000000)
  object space 89600K, 35% used [0x00000000a0000000,0x00000000a1f53d68,0x00000000a5780000)
 Metaspace       used 58366K, capacity 59972K, committed 60056K, reserved 1101824K
  class space    used 7923K, capacity 8328K, committed 8360K, reserved 1048576K
GC Heap History (10 events):
Event: 5.904 GC heap before
{Heap before GC invocations=11 (full 2):
 PSYoungGen      total 121344K, used 10732K [0x00000000e0000000, 0x00000000ead00000, 0x0000000100000000)
  eden space 110592K, 0% used [0x00000000e0000000,0x00000000e0000000,0x00000000e6c00000)
  from space 10752K, 99% used [0x00000000e6c00000,0x00000000e767b010,0x00000000e7680000)
  to   space 12288K, 0% used [0x00000000ea100000,0x00000000ea100000,0x00000000ead00000)
 ParOldGen       total 57344K, used 9117K [0x00000000a0000000, 0x00000000a3800000, 0x00000000e0000000)
  object space 57344K, 15% used [0x00000000a0000000,0x00000000a08e7680,0x00000000a3800000)
 Metaspace       used 34754K, capacity 35432K, committed 35496K, reserved 1079296K
  class space    used 4800K, capacity 5005K, committed 5032K, reserved 1048576K
Event: 5.988 GC heap after
Heap after GC invocations=11 (full 2):
 PSYoungGen      total 121344K, used 0K [0x00000000e0000000, 0x00000000ead00000, 0x0000000100000000)
  eden space 110592K, 0% used [0x00000000e0000000,0x00000000e0000000,0x00000000e6c00000)
  from space 10752K, 0% used [0x00000000e6c00000,0x00000000e6c00000,0x00000000e7680000)
  to   space 12288K, 0% used [0x00000000ea100000,0x00000000ea100000,0x00000000ead00000)
 ParOldGen       total 89600K, used 18580K [0x00000000a0000000, 0x00000000a5780000, 0x00000000e0000000)
  object space 89600K, 20% used [0x00000000a0000000,0x00000000a1225060,0x00000000a5780000)
 Metaspace       used 34729K, capacity 35348K, committed 35496K, reserved 1079296K
  class space    used 4792K, capacity 4991K, committed 5032K, reserved 1048576K
}
Event: 8.012 GC heap before
{Heap before GC invocations=12 (full 2):
 PSYoungGen      total 121344K, used 110592K [0x00000000e0000000, 0x00000000ead00000, 0x0000000100000000)
  eden space 110592K, 100% used [0x00000000e0000000,0x00000000e6c00000,0x00000000e6c00000)
  from space 10752K, 0% used [0x00000000e6c00000,0x00000000e6c00000,0x00000000e7680000)
  to   space 12288K, 0% used [0x00000000ea100000,0x00000000ea100000,0x00000000ead00000)
 ParOldGen       total 89600K, used 18580K [0x00000000a0000000, 0x00000000a5780000, 0x00000000e0000000)
  object space 89600K, 20% used [0x00000000a0000000,0x00000000a1225060,0x00000000a5780000)
 Metaspace       used 44403K, capacity 45326K, committed 45480K, reserved 1089536K
  class space    used 5981K, capacity 6247K, committed 6312K, reserved 1048576K
Event: 8.022 GC heap after
Heap after GC invocations=12 (full 2):
 PSYoungGen      total 152576K, used 12285K [0x00000000e0000000, 0x00000000ead00000, 0x0000000100000000)
  eden space 140288K, 0% used [0x00000000e0000000,0x00000000e0000000,0x00000000e8900000)
  from space 12288K, 99% used [0x00000000ea100000,0x00000000eacff558,0x00000000ead00000)
  to   space 14336K, 0% used [0x00000000e9100000,0x00000000e9100000,0x00000000e9f00000)
 ParOldGen       total 89600K, used 20546K [0x00000000a0000000, 0x00000000a5780000, 0x00000000e0000000)
  object space 89600K, 22% used [0x00000000a0000000,0x00000000a1410aa8,0x00000000a5780000)
 Metaspace       used 44403K, capacity 45326K, committed 45480K, reserved 1089536K
  class space    used 5981K, capacity 6247K, committed 6312K, reserved 1048576K
}
Event: 11.742 GC heap before
{Heap before GC invocations=13 (full 2):
 PSYoungGen      total 152576K, used 152573K [0x00000000e0000000, 0x00000000ead00000, 0x0000000100000000)
  eden space 140288K, 100% used [0x00000000e0000000,0x00000000e8900000,0x00000000e8900000)
  from space 12288K, 99% used [0x00000000ea100000,0x00000000eacff558,0x00000000ead00000)
  to   space 14336K, 0% used [0x00000000e9100000,0x00000000e9100000,0x00000000e9f00000)
 ParOldGen       total 89600K, used 20546K [0x00000000a0000000, 0x00000000a5780000, 0x00000000e0000000)
  object space 89600K, 22% used [0x00000000a0000000,0x00000000a1410aa8,0x00000000a5780000)
 Metaspace       used 56620K, capacity 58044K, committed 58280K, reserved 1099776K
  class space    used 7630K, capacity 8019K, committed 8104K, reserved 1048576K
Event: 11.760 GC heap after
Heap after GC invocations=13 (full 2):
 PSYoungGen      total 162816K, used 14160K [0x00000000e0000000, 0x00000000ec900000, 0x0000000100000000)
  eden space 148480K, 0% used [0x00000000e0000000,0x00000000e0000000,0x00000000e9100000)
  from space 14336K, 98% used [0x00000000e9100000,0x00000000e9ed41b0,0x00000000e9f00000)
  to   space 15872K, 0% used [0x00000000eb980000,0x00000000eb980000,0x00000000ec900000)
 ParOldGen       total 89600K, used 28066K [0x00000000a0000000, 0x00000000a5780000, 0x00000000e0000000)
  object space 89600K, 31% used [0x00000000a0000000,0x00000000a1b68b20,0x00000000a5780000)
 Metaspace       used 56620K, capacity 58044K, committed 58280K, reserved 1099776K
  class space    used 7630K, capacity 8019K, committed 8104K, reserved 1048576K
}
Event: 12.133 GC heap before
{Heap before GC invocations=14 (full 2):
 PSYoungGen      total 162816K, used 46830K [0x00000000e0000000, 0x00000000ec900000, 0x0000000100000000)
  eden space 148480K, 22% used [0x00000000e0000000,0x00000000e1fe7890,0x00000000e9100000)
  from space 14336K, 98% used [0x00000000e9100000,0x00000000e9ed41b0,0x00000000e9f00000)
  to   space 15872K, 0% used [0x00000000eb980000,0x00000000eb980000,0x00000000ec900000)
 ParOldGen       total 89600K, used 28066K [0x00000000a0000000, 0x00000000a5780000, 0x00000000e0000000)
  object space 89600K, 31% used [0x00000000a0000000,0x00000000a1b68b20,0x00000000a5780000)
 Metaspace       used 57642K, capacity 59120K, committed 59160K, reserved 1099776K
  class space    used 7803K, capacity 8208K, committed 8232K, reserved 1048576K
Event: 12.141 GC heap after
Heap after GC invocations=14 (full 2):
 PSYoungGen      total 190464K, used 8561K [0x00000000e0000000, 0x00000000ed500000, 0x0000000100000000)
  eden space 174592K, 0% used [0x00000000e0000000,0x00000000e0000000,0x00000000eaa80000)
  from space 15872K, 53% used [0x00000000eb980000,0x00000000ec1dc698,0x00000000ec900000)
  to   space 15360K, 0% used [0x00000000eaa80000,0x00000000eaa80000,0x00000000eb980000)
 ParOldGen       total 89600K, used 28074K [0x00000000a0000000, 0x00000000a5780000, 0x00000000e0000000)
  object space 89600K, 31% used [0x00000000a0000000,0x00000000a1b6ab20,0x00000000a5780000)
 Metaspace       used 57642K, capacity 59120K, committed 59160K, reserved 1099776K
  class space    used 7803K, capacity 8208K, committed 8232K, reserved 1048576K
}
Event: 12.141 GC heap before
{Heap before GC invocations=15 (full 3):
 PSYoungGen      total 190464K, used 8561K [0x00000000e0000000, 0x00000000ed500000, 0x0000000100000000)
  eden space 174592K, 0% used [0x00000000e0000000,0x00000000e0000000,0x00000000eaa80000)
  from space 15872K, 53% used [0x00000000eb980000,0x00000000ec1dc698,0x00000000ec900000)
  to   space 15360K, 0% used [0x00000000eaa80000,0x00000000eaa80000,0x00000000eb980000)
 ParOldGen       total 89600K, used 28074K [0x00000000a0000000, 0x00000000a5780000, 0x00000000e0000000)
  object space 89600K, 31% used [0x00000000a0000000,0x00000000a1b6ab20,0x00000000a5780000)
 Metaspace       used 57642K, capacity 59120K, committed 59160K, reserved 1099776K
  class space    used 7803K, capacity 8208K, committed 8232K, reserved 1048576K
Event: 12.318 GC heap after
Heap after GC invocations=15 (full 3):
 PSYoungGen      total 190464K, used 0K [0x00000000e0000000, 0x00000000ed500000, 0x0000000100000000)
  eden space 174592K, 0% used [0x00000000e0000000,0x00000000e0000000,0x00000000eaa80000)
  from space 15872K, 0% used [0x00000000eb980000,0x00000000eb980000,0x00000000ec900000)
  to   space 15360K, 0% used [0x00000000eaa80000,0x00000000eaa80000,0x00000000eb980000)
 ParOldGen       total 89600K, used 32079K [0x00000000a0000000, 0x00000000a5780000, 0x00000000e0000000)
  object space 89600K, 35% used [0x00000000a0000000,0x00000000a1f53d68,0x00000000a5780000)
 Metaspace       used 57642K, capacity 59120K, committed 59160K, reserved 1099776K
  class space    used 7803K, capacity 8208K, committed 8232K, reserved 1048576K
}

