# JRE version: OpenJDK Runtime Environment (8.0_152-b01) (build 1.8.0_152-release-1343-b01)
# Java VM: OpenJDK 64-Bit Server VM (25.152-b01 mixed mode windows-amd64 compressed oops)
Heap:
 PSYoungGen      total 171520K, used 63434K [0x00000000e0000000, 0x00000000ed500000, 0x0000000100000000)
  eden space 152576K, 41% used [0x00000000e0000000,0x00000000e3df2ad8,0x00000000e9500000)
  from space 18944K, 0% used [0x00000000ec280000,0x00000000ec280000,0x00000000ed500000)
  to   space 14336K, 0% used [0x00000000e9500000,0x00000000e9500000,0x00000000ea300000)
 ParOldGen       total 89600K, used 32139K [0x00000000a0000000, 0x00000000a5780000, 0x00000000e0000000)
  object space 89600K, 35% used [0x00000000a0000000,0x00000000a1f62e50,0x00000000a5780000)
 Metaspace       used 60147K, capacity 61918K, committed 62104K, reserved 1103872K
  class space    used 8139K, capacity 8579K, committed 8616K, reserved 1048576K
GC Heap History (10 events):
Event: 6.851 GC heap before
{Heap before GC invocations=11 (full 2):
 PSYoungGen      total 121344K, used 10732K [0x00000000e0000000, 0x00000000eb100000, 0x0000000100000000)
  eden space 110592K, 0% used [0x00000000e0000000,0x00000000e0000000,0x00000000e6c00000)
  from space 10752K, 99% used [0x00000000e6c00000,0x00000000e767b010,0x00000000e7680000)
  to   space 12288K, 0% used [0x00000000ea500000,0x00000000ea500000,0x00000000eb100000)
 ParOldGen       total 57344K, used 9182K [0x00000000a0000000, 0x00000000a3800000, 0x00000000e0000000)
  object space 57344K, 16% used [0x00000000a0000000,0x00000000a08f79e8,0x00000000a3800000)
 Metaspace       used 34745K, capacity 35420K, committed 35496K, reserved 1079296K
  class space    used 4797K, capacity 5003K, committed 5032K, reserved 1048576K
Event: 6.910 GC heap after
Heap after GC invocations=11 (full 2):
 PSYoungGen      total 121344K, used 0K [0x00000000e0000000, 0x00000000eb100000, 0x0000000100000000)
  eden space 110592K, 0% used [0x00000000e0000000,0x00000000e0000000,0x00000000e6c00000)
  from space 10752K, 0% used [0x00000000e6c00000,0x00000000e6c00000,0x00000000e7680000)
  to   space 12288K, 0% used [0x00000000ea500000,0x00000000ea500000,0x00000000eb100000)
 ParOldGen       total 89600K, used 18670K [0x00000000a0000000, 0x00000000a5780000, 0x00000000e0000000)
  object space 89600K, 20% used [0x00000000a0000000,0x00000000a123b850,0x00000000a5780000)
 Metaspace       used 34725K, capacity 35354K, committed 35496K, reserved 1079296K
  class space    used 4791K, capacity 4992K, committed 5032K, reserved 1048576K
}
Event: 8.123 GC heap before
{Heap before GC invocations=12 (full 2):
 PSYoungGen      total 121344K, used 110592K [0x00000000e0000000, 0x00000000eb100000, 0x0000000100000000)
  eden space 110592K, 100% used [0x00000000e0000000,0x00000000e6c00000,0x00000000e6c00000)
  from space 10752K, 0% used [0x00000000e6c00000,0x00000000e6c00000,0x00000000e7680000)
  to   space 12288K, 0% used [0x00000000ea500000,0x00000000ea500000,0x00000000eb100000)
 ParOldGen       total 89600K, used 18670K [0x00000000a0000000, 0x00000000a5780000, 0x00000000e0000000)
  object space 89600K, 20% used [0x00000000a0000000,0x00000000a123b850,0x00000000a5780000)
 Metaspace       used 44372K, capacity 45332K, committed 45480K, reserved 1089536K
  class space    used 5977K, capacity 6248K, committed 6312K, reserved 1048576K
Event: 8.136 GC heap after
Heap after GC invocations=12 (full 2):
 PSYoungGen      total 154624K, used 12281K [0x00000000e0000000, 0x00000000eb100000, 0x0000000100000000)
  eden space 142336K, 0% used [0x00000000e0000000,0x00000000e0000000,0x00000000e8b00000)
  from space 12288K, 99% used [0x00000000ea500000,0x00000000eb0fe538,0x00000000eb100000)
  to   space 14336K, 0% used [0x00000000e9500000,0x00000000e9500000,0x00000000ea300000)
 ParOldGen       total 89600K, used 20659K [0x00000000a0000000, 0x00000000a5780000, 0x00000000e0000000)
  object space 89600K, 23% used [0x00000000a0000000,0x00000000a142cd38,0x00000000a5780000)
 Metaspace       used 44372K, capacity 45332K, committed 45480K, reserved 1089536K
  class space    used 5977K, capacity 6248K, committed 6312K, reserved 1048576K
}
Event: 10.354 GC heap before
{Heap before GC invocations=13 (full 2):
 PSYoungGen      total 154624K, used 154617K [0x00000000e0000000, 0x00000000eb100000, 0x0000000100000000)
  eden space 142336K, 100% used [0x00000000e0000000,0x00000000e8b00000,0x00000000e8b00000)
  from space 12288K, 99% used [0x00000000ea500000,0x00000000eb0fe538,0x00000000eb100000)
  to   space 14336K, 0% used [0x00000000e9500000,0x00000000e9500000,0x00000000ea300000)
 ParOldGen       total 89600K, used 20659K [0x00000000a0000000, 0x00000000a5780000, 0x00000000e0000000)
  object space 89600K, 23% used [0x00000000a0000000,0x00000000a142cd38,0x00000000a5780000)
 Metaspace       used 56731K, capacity 58184K, committed 58280K, reserved 1099776K
  class space    used 7639K, capacity 8021K, committed 8104K, reserved 1048576K
Event: 10.373 GC heap after
Heap after GC invocations=13 (full 2):
 PSYoungGen      total 166912K, used 14316K [0x00000000e0000000, 0x00000000ed500000, 0x0000000100000000)
  eden space 152576K, 0% used [0x00000000e0000000,0x00000000e0000000,0x00000000e9500000)
  from space 14336K, 99% used [0x00000000e9500000,0x00000000ea2fb1d0,0x00000000ea300000)
  to   space 18944K, 0% used [0x00000000ec280000,0x00000000ec280000,0x00000000ed500000)
 ParOldGen       total 89600K, used 28356K [0x00000000a0000000, 0x00000000a5780000, 0x00000000e0000000)
  object space 89600K, 31% used [0x00000000a0000000,0x00000000a1bb1170,0x00000000a5780000)
 Metaspace       used 56731K, capacity 58184K, committed 58280K, reserved 1099776K
  class space    used 7639K, capacity 8021K, committed 8104K, reserved 1048576K
}
Event: 10.670 GC heap before
{Heap before GC invocations=14 (full 2):
 PSYoungGen      total 166912K, used 44338K [0x00000000e0000000, 0x00000000ed500000, 0x0000000100000000)
  eden space 152576K, 19% used [0x00000000e0000000,0x00000000e1d518e0,0x00000000e9500000)
  from space 14336K, 99% used [0x00000000e9500000,0x00000000ea2fb1d0,0x00000000ea300000)
  to   space 18944K, 0% used [0x00000000ec280000,0x00000000ec280000,0x00000000ed500000)
 ParOldGen       total 89600K, used 28356K [0x00000000a0000000, 0x00000000a5780000, 0x00000000e0000000)
  object space 89600K, 31% used [0x00000000a0000000,0x00000000a1bb1170,0x00000000a5780000)
 Metaspace       used 57638K, capacity 59088K, committed 59160K, reserved 1099776K
  class space    used 7796K, capacity 8176K, committed 8232K, reserved 1048576K
Event: 10.682 GC heap after
Heap after GC invocations=14 (full 2):
 PSYoungGen      total 171520K, used 3584K [0x00000000e0000000, 0x00000000ed500000, 0x0000000100000000)
  eden space 152576K, 0% used [0x00000000e0000000,0x00000000e0000000,0x00000000e9500000)
  from space 18944K, 18% used [0x00000000ec280000,0x00000000ec600000,0x00000000ed500000)
  to   space 14336K, 0% used [0x00000000e9500000,0x00000000e9500000,0x00000000ea300000)
 ParOldGen       total 89600K, used 33350K [0x00000000a0000000, 0x00000000a5780000, 0x00000000e0000000)
  object space 89600K, 37% used [0x00000000a0000000,0x00000000a2091be0,0x00000000a5780000)
 Metaspace       used 57638K, capacity 59088K, committed 59160K, reserved 1099776K
  class space    used 7796K, capacity 8176K, committed 8232K, reserved 1048576K
}
Event: 10.682 GC heap before
{Heap before GC invocations=15 (full 3):
 PSYoungGen      total 171520K, used 3584K [0x00000000e0000000, 0x00000000ed500000, 0x0000000100000000)
  eden space 152576K, 0% used [0x00000000e0000000,0x00000000e0000000,0x00000000e9500000)
  from space 18944K, 18% used [0x00000000ec280000,0x00000000ec600000,0x00000000ed500000)
  to   space 14336K, 0% used [0x00000000e9500000,0x00000000e9500000,0x00000000ea300000)
 ParOldGen       total 89600K, used 33350K [0x00000000a0000000, 0x00000000a5780000, 0x00000000e0000000)
  object space 89600K, 37% used [0x00000000a0000000,0x00000000a2091be0,0x00000000a5780000)
 Metaspace       used 57638K, capacity 59088K, committed 59160K, reserved 1099776K
  class space    used 7796K, capacity 8176K, committed 8232K, reserved 1048576K
Event: 10.947 GC heap after
Heap after GC invocations=15 (full 3):
 PSYoungGen      total 171520K, used 0K [0x00000000e0000000, 0x00000000ed500000, 0x0000000100000000)
  eden space 152576K, 0% used [0x00000000e0000000,0x00000000e0000000,0x00000000e9500000)
  from space 18944K, 0% used [0x00000000ec280000,0x00000000ec280000,0x00000000ed500000)
  to   space 14336K, 0% used [0x00000000e9500000,0x00000000e9500000,0x00000000ea300000)
 ParOldGen       total 89600K, used 32139K [0x00000000a0000000, 0x00000000a5780000, 0x00000000e0000000)
  object space 89600K, 35% used [0x00000000a0000000,0x00000000a1f62e50,0x00000000a5780000)
 Metaspace       used 57638K, capacity 59088K, committed 59160K, reserved 1099776K
  class space    used 7796K, capacity 8176K, committed 8232K, reserved 1048576K
}

