# JRE version: OpenJDK Runtime Environment (8.0_152-b01) (build 1.8.0_152-release-1343-b01)
# Java VM: OpenJDK 64-Bit Server VM (25.152-b01 mixed mode windows-amd64 compressed oops)
Heap:
 PSYoungGen      total 269824K, used 204093K [0x00000000e0000000, 0x00000000f2a00000, 0x0000000100000000)
  eden space 260096K, 74% used [0x00000000e0000000,0x00000000ebe2f4a0,0x00000000efe00000)
  from space 9728K, 96% used [0x00000000f0880000,0x00000000f11a00d8,0x00000000f1200000)
  to   space 22528K, 0% used [0x00000000f1400000,0x00000000f1400000,0x00000000f2a00000)
 ParOldGen       total 104448K, used 73336K [0x00000000a0000000, 0x00000000a6600000, 0x00000000e0000000)
  object space 104448K, 70% used [0x00000000a0000000,0x00000000a479e2c8,0x00000000a6600000)
 Metaspace       used 88378K, capacity 92694K, committed 92952K, reserved 1130496K
  class space    used 11712K, capacity 12501K, committed 12584K, reserved 1048576K
GC Heap History (10 events):
Event: 42.835 GC heap before
{Heap before GC invocations=16 (full 3):
 PSYoungGen      total 172544K, used 153088K [0x00000000e0000000, 0x00000000f0780000, 0x0000000100000000)
  eden space 153088K, 100% used [0x00000000e0000000,0x00000000e9580000,0x00000000e9580000)
  from space 19456K, 0% used [0x00000000ea980000,0x00000000ea980000,0x00000000ebc80000)
  to   space 20480K, 0% used [0x00000000e9580000,0x00000000e9580000,0x00000000ea980000)
 ParOldGen       total 104448K, used 31359K [0x00000000a0000000, 0x00000000a6600000, 0x00000000e0000000)
  object space 104448K, 30% used [0x00000000a0000000,0x00000000a1e9fec8,0x00000000a6600000)
 Metaspace       used 64539K, capacity 66504K, committed 66840K, reserved 1107968K
  class space    used 8671K, capacity 9134K, committed 9256K, reserved 1048576K
Event: 42.845 GC heap after
Heap after GC invocations=16 (full 3):
 PSYoungGen      total 173568K, used 16937K [0x00000000e0000000, 0x00000000efa00000, 0x0000000100000000)
  eden space 153088K, 0% used [0x00000000e0000000,0x00000000e0000000,0x00000000e9580000)
  from space 20480K, 82% used [0x00000000e9580000,0x00000000ea60a710,0x00000000ea980000)
  to   space 22016K, 0% used [0x00000000ee480000,0x00000000ee480000,0x00000000efa00000)
 ParOldGen       total 104448K, used 31367K [0x00000000a0000000, 0x00000000a6600000, 0x00000000e0000000)
  object space 104448K, 30% used [0x00000000a0000000,0x00000000a1ea1ec8,0x00000000a6600000)
 Metaspace       used 64539K, capacity 66504K, committed 66840K, reserved 1107968K
  class space    used 8671K, capacity 9134K, committed 9256K, reserved 1048576K
}
Event: 51.797 GC heap before
{Heap before GC invocations=17 (full 3):
 PSYoungGen      total 173568K, used 170025K [0x00000000e0000000, 0x00000000efa00000, 0x0000000100000000)
  eden space 153088K, 100% used [0x00000000e0000000,0x00000000e9580000,0x00000000e9580000)
  from space 20480K, 82% used [0x00000000e9580000,0x00000000ea60a710,0x00000000ea980000)
  to   space 22016K, 0% used [0x00000000ee480000,0x00000000ee480000,0x00000000efa00000)
 ParOldGen       total 104448K, used 31367K [0x00000000a0000000, 0x00000000a6600000, 0x00000000e0000000)
  object space 104448K, 30% used [0x00000000a0000000,0x00000000a1ea1ec8,0x00000000a6600000)
 Metaspace       used 65557K, capacity 67666K, committed 67992K, reserved 1107968K
  class space    used 8800K, capacity 9295K, committed 9384K, reserved 1048576K
Event: 51.836 GC heap after
Heap after GC invocations=17 (full 3):
 PSYoungGen      total 224768K, used 11252K [0x00000000e0000000, 0x00000000ef500000, 0x0000000100000000)
  eden space 207872K, 0% used [0x00000000e0000000,0x00000000e0000000,0x00000000ecb00000)
  from space 16896K, 66% used [0x00000000ee480000,0x00000000eef7d1e0,0x00000000ef500000)
  to   space 21504K, 0% used [0x00000000ecb00000,0x00000000ecb00000,0x00000000ee000000)
 ParOldGen       total 104448K, used 44209K [0x00000000a0000000, 0x00000000a6600000, 0x00000000e0000000)
  object space 104448K, 42% used [0x00000000a0000000,0x00000000a2b2c788,0x00000000a6600000)
 Metaspace       used 65557K, capacity 67666K, committed 67992K, reserved 1107968K
  class space    used 8800K, capacity 9295K, committed 9384K, reserved 1048576K
}
Event: 69.584 GC heap before
{Heap before GC invocations=18 (full 3):
 PSYoungGen      total 224768K, used 219124K [0x00000000e0000000, 0x00000000ef500000, 0x0000000100000000)
  eden space 207872K, 100% used [0x00000000e0000000,0x00000000ecb00000,0x00000000ecb00000)
  from space 16896K, 66% used [0x00000000ee480000,0x00000000eef7d1e0,0x00000000ef500000)
  to   space 21504K, 0% used [0x00000000ecb00000,0x00000000ecb00000,0x00000000ee000000)
 ParOldGen       total 104448K, used 44209K [0x00000000a0000000, 0x00000000a6600000, 0x00000000e0000000)
  object space 104448K, 42% used [0x00000000a0000000,0x00000000a2b2c788,0x00000000a6600000)
 Metaspace       used 71438K, capacity 73458K, committed 73752K, reserved 1114112K
  class space    used 9504K, capacity 10007K, committed 10024K, reserved 1048576K
Event: 69.623 GC heap after
Heap after GC invocations=18 (full 3):
 PSYoungGen      total 229376K, used 19041K [0x00000000e0000000, 0x00000000f3a80000, 0x0000000100000000)
  eden space 207872K, 0% used [0x00000000e0000000,0x00000000e0000000,0x00000000ecb00000)
  from space 21504K, 88% used [0x00000000ecb00000,0x00000000edd98628,0x00000000ee000000)
  to   space 23552K, 0% used [0x00000000f2380000,0x00000000f2380000,0x00000000f3a80000)
 ParOldGen       total 104448K, used 54409K [0x00000000a0000000, 0x00000000a6600000, 0x00000000e0000000)
  object space 104448K, 52% used [0x00000000a0000000,0x00000000a35227f8,0x00000000a6600000)
 Metaspace       used 71438K, capacity 73458K, committed 73752K, reserved 1114112K
  class space    used 9504K, capacity 10007K, committed 10024K, reserved 1048576K
}
Event: 85.261 GC heap before
{Heap before GC invocations=19 (full 3):
 PSYoungGen      total 229376K, used 226913K [0x00000000e0000000, 0x00000000f3a80000, 0x0000000100000000)
  eden space 207872K, 100% used [0x00000000e0000000,0x00000000ecb00000,0x00000000ecb00000)
  from space 21504K, 88% used [0x00000000ecb00000,0x00000000edd98628,0x00000000ee000000)
  to   space 23552K, 0% used [0x00000000f2380000,0x00000000f2380000,0x00000000f3a80000)
 ParOldGen       total 104448K, used 54409K [0x00000000a0000000, 0x00000000a6600000, 0x00000000e0000000)
  object space 104448K, 52% used [0x00000000a0000000,0x00000000a35227f8,0x00000000a6600000)
 Metaspace       used 81406K, capacity 85298K, committed 85528K, reserved 1122304K
  class space    used 10957K, capacity 11727K, committed 11816K, reserved 1048576K
Event: 85.339 GC heap after
Heap after GC invocations=19 (full 3):
 PSYoungGen      total 290304K, used 13609K [0x00000000e0000000, 0x00000000f3680000, 0x0000000100000000)
  eden space 270848K, 0% used [0x00000000e0000000,0x00000000e0000000,0x00000000f0880000)
  from space 19456K, 69% used [0x00000000f2380000,0x00000000f30ca740,0x00000000f3680000)
  to   space 23552K, 0% used [0x00000000f0880000,0x00000000f0880000,0x00000000f1f80000)
 ParOldGen       total 104448K, used 66896K [0x00000000a0000000, 0x00000000a6600000, 0x00000000e0000000)
  object space 104448K, 64% used [0x00000000a0000000,0x00000000a4154260,0x00000000a6600000)
 Metaspace       used 81406K, capacity 85298K, committed 85528K, reserved 1122304K
  class space    used 10957K, capacity 11727K, committed 11816K, reserved 1048576K
}
Event: 474.755 GC heap before
{Heap before GC invocations=20 (full 3):
 PSYoungGen      total 290304K, used 284457K [0x00000000e0000000, 0x00000000f3680000, 0x0000000100000000)
  eden space 270848K, 100% used [0x00000000e0000000,0x00000000f0880000,0x00000000f0880000)
  from space 19456K, 69% used [0x00000000f2380000,0x00000000f30ca740,0x00000000f3680000)
  to   space 23552K, 0% used [0x00000000f0880000,0x00000000f0880000,0x00000000f1f80000)
 ParOldGen       total 104448K, used 66896K [0x00000000a0000000, 0x00000000a6600000, 0x00000000e0000000)
  object space 104448K, 64% used [0x00000000a0000000,0x00000000a4154260,0x00000000a6600000)
 Metaspace       used 87893K, capacity 92176K, committed 92440K, reserved 1128448K
  class space    used 11705K, capacity 12490K, committed 12584K, reserved 1048576K
Event: 474.821 GC heap after
Heap after GC invocations=20 (full 3):
 PSYoungGen      total 269824K, used 9344K [0x00000000e0000000, 0x00000000f2a00000, 0x0000000100000000)
  eden space 260096K, 0% used [0x00000000e0000000,0x00000000e0000000,0x00000000efe00000)
  from space 9728K, 96% used [0x00000000f0880000,0x00000000f11a00d8,0x00000000f1200000)
  to   space 22528K, 0% used [0x00000000f1400000,0x00000000f1400000,0x00000000f2a00000)
 ParOldGen       total 104448K, used 73336K [0x00000000a0000000, 0x00000000a6600000, 0x00000000e0000000)
  object space 104448K, 70% used [0x00000000a0000000,0x00000000a479e2c8,0x00000000a6600000)
 Metaspace       used 87893K, capacity 92176K, committed 92440K, reserved 1128448K
  class space    used 11705K, capacity 12490K, committed 12584K, reserved 1048576K
}

