# JRE version: OpenJDK Runtime Environment (8.0_152-b01) (build 1.8.0_152-release-1343-b01)
# Java VM: OpenJDK 64-Bit Server VM (25.152-b01 mixed mode windows-amd64 compressed oops)
Heap:
 PSYoungGen      total 165376K, used 106379K [0x00000000e0000000, 0x00000000ed000000, 0x0000000100000000)
  eden space 134656K, 56% used [0x00000000e0000000,0x00000000e49ea330,0x00000000e8380000)
  from space 30720K, 99% used [0x00000000eb200000,0x00000000ecff8930,0x00000000ed000000)
  to   space 21504K, 0% used [0x00000000e8380000,0x00000000e8380000,0x00000000e9880000)
 ParOldGen       total 172544K, used 53837K [0x00000000a0000000, 0x00000000aa880000, 0x00000000e0000000)
  object space 172544K, 31% used [0x00000000a0000000,0x00000000a3493730,0x00000000aa880000)
 Metaspace       used 75091K, capacity 77626K, committed 77720K, reserved 1116160K
  class space    used 10062K, capacity 10579K, committed 10664K, reserved 1048576K
GC Heap History (10 events):
Event: 15.997 GC heap before
{Heap before GC invocations=15 (full 3):
 PSYoungGen      total 133120K, used 15358K [0x00000000e0000000, 0x00000000e9c00000, 0x0000000100000000)
  eden space 117760K, 0% used [0x00000000e0000000,0x00000000e0000000,0x00000000e7300000)
  from space 15360K, 99% used [0x00000000e8600000,0x00000000e94ff978,0x00000000e9500000)
  to   space 19456K, 0% used [0x00000000e7300000,0x00000000e7300000,0x00000000e8600000)
 ParOldGen       total 114176K, used 24541K [0x00000000a0000000, 0x00000000a6f80000, 0x00000000e0000000)
  object space 114176K, 21% used [0x00000000a0000000,0x00000000a17f7688,0x00000000a6f80000)
 Metaspace       used 57682K, capacity 59120K, committed 59160K, reserved 1099776K
  class space    used 7809K, capacity 8208K, committed 8232K, reserved 1048576K
Event: 16.214 GC heap after
Heap after GC invocations=15 (full 3):
 PSYoungGen      total 133120K, used 0K [0x00000000e0000000, 0x00000000e9c00000, 0x0000000100000000)
  eden space 117760K, 0% used [0x00000000e0000000,0x00000000e0000000,0x00000000e7300000)
  from space 15360K, 0% used [0x00000000e8600000,0x00000000e8600000,0x00000000e9500000)
  to   space 19456K, 0% used [0x00000000e7300000,0x00000000e7300000,0x00000000e8600000)
 ParOldGen       total 172544K, used 36973K [0x00000000a0000000, 0x00000000aa880000, 0x00000000e0000000)
  object space 172544K, 21% used [0x00000000a0000000,0x00000000a241b778,0x00000000aa880000)
 Metaspace       used 57682K, capacity 59120K, committed 59160K, reserved 1099776K
  class space    used 7809K, capacity 8208K, committed 8232K, reserved 1048576K
}
Event: 21.017 GC heap before
{Heap before GC invocations=16 (full 3):
 PSYoungGen      total 133120K, used 117759K [0x00000000e0000000, 0x00000000e9c00000, 0x0000000100000000)
  eden space 117760K, 99% used [0x00000000e0000000,0x00000000e72fff58,0x00000000e7300000)
  from space 15360K, 0% used [0x00000000e8600000,0x00000000e8600000,0x00000000e9500000)
  to   space 19456K, 0% used [0x00000000e7300000,0x00000000e7300000,0x00000000e8600000)
 ParOldGen       total 172544K, used 36973K [0x00000000a0000000, 0x00000000aa880000, 0x00000000e0000000)
  object space 172544K, 21% used [0x00000000a0000000,0x00000000a241b778,0x00000000aa880000)
 Metaspace       used 61013K, capacity 62844K, committed 63000K, reserved 1103872K
  class space    used 8229K, capacity 8660K, committed 8744K, reserved 1048576K
Event: 21.043 GC heap after
Heap after GC invocations=16 (full 3):
 PSYoungGen      total 137216K, used 12462K [0x00000000e0000000, 0x00000000eab80000, 0x0000000100000000)
  eden space 117760K, 0% used [0x00000000e0000000,0x00000000e0000000,0x00000000e7300000)
  from space 19456K, 64% used [0x00000000e7300000,0x00000000e7f2b928,0x00000000e8600000)
  to   space 19456K, 0% used [0x00000000e9880000,0x00000000e9880000,0x00000000eab80000)
 ParOldGen       total 172544K, used 36981K [0x00000000a0000000, 0x00000000aa880000, 0x00000000e0000000)
  object space 172544K, 21% used [0x00000000a0000000,0x00000000a241d778,0x00000000aa880000)
 Metaspace       used 61013K, capacity 62844K, committed 63000K, reserved 1103872K
  class space    used 8229K, capacity 8660K, committed 8744K, reserved 1048576K
}
Event: 24.580 GC heap before
{Heap before GC invocations=17 (full 3):
 PSYoungGen      total 137216K, used 130222K [0x00000000e0000000, 0x00000000eab80000, 0x0000000100000000)
  eden space 117760K, 100% used [0x00000000e0000000,0x00000000e7300000,0x00000000e7300000)
  from space 19456K, 64% used [0x00000000e7300000,0x00000000e7f2b928,0x00000000e8600000)
  to   space 19456K, 0% used [0x00000000e9880000,0x00000000e9880000,0x00000000eab80000)
 ParOldGen       total 172544K, used 36981K [0x00000000a0000000, 0x00000000aa880000, 0x00000000e0000000)
  object space 172544K, 21% used [0x00000000a0000000,0x00000000a241d778,0x00000000aa880000)
 Metaspace       used 61983K, capacity 63818K, committed 64152K, reserved 1103872K
  class space    used 8358K, capacity 8785K, committed 8872K, reserved 1048576K
Event: 24.594 GC heap after
Heap after GC invocations=17 (full 3):
 PSYoungGen      total 154112K, used 18404K [0x00000000e0000000, 0x00000000ead80000, 0x0000000100000000)
  eden space 134656K, 0% used [0x00000000e0000000,0x00000000e0000000,0x00000000e8380000)
  from space 19456K, 94% used [0x00000000e9880000,0x00000000eaa79078,0x00000000eab80000)
  to   space 21504K, 0% used [0x00000000e8380000,0x00000000e8380000,0x00000000e9880000)
 ParOldGen       total 172544K, used 36989K [0x00000000a0000000, 0x00000000aa880000, 0x00000000e0000000)
  object space 172544K, 21% used [0x00000000a0000000,0x00000000a241f778,0x00000000aa880000)
 Metaspace       used 61983K, capacity 63818K, committed 64152K, reserved 1103872K
  class space    used 8358K, capacity 8785K, committed 8872K, reserved 1048576K
}
Event: 31.796 GC heap before
{Heap before GC invocations=18 (full 3):
 PSYoungGen      total 154112K, used 153060K [0x00000000e0000000, 0x00000000ead80000, 0x0000000100000000)
  eden space 134656K, 100% used [0x00000000e0000000,0x00000000e8380000,0x00000000e8380000)
  from space 19456K, 94% used [0x00000000e9880000,0x00000000eaa79078,0x00000000eab80000)
  to   space 21504K, 0% used [0x00000000e8380000,0x00000000e8380000,0x00000000e9880000)
 ParOldGen       total 172544K, used 36989K [0x00000000a0000000, 0x00000000aa880000, 0x00000000e0000000)
  object space 172544K, 21% used [0x00000000a0000000,0x00000000a241f778,0x00000000aa880000)
 Metaspace       used 66569K, capacity 68486K, committed 68504K, reserved 1107968K
  class space    used 8953K, capacity 9377K, committed 9384K, reserved 1048576K
Event: 31.822 GC heap after
Heap after GC invocations=18 (full 3):
 PSYoungGen      total 156160K, used 21473K [0x00000000e0000000, 0x00000000ed000000, 0x0000000100000000)
  eden space 134656K, 0% used [0x00000000e0000000,0x00000000e0000000,0x00000000e8380000)
  from space 21504K, 99% used [0x00000000e8380000,0x00000000e98785f8,0x00000000e9880000)
  to   space 30720K, 0% used [0x00000000eb200000,0x00000000eb200000,0x00000000ed000000)
 ParOldGen       total 172544K, used 53745K [0x00000000a0000000, 0x00000000aa880000, 0x00000000e0000000)
  object space 172544K, 31% used [0x00000000a0000000,0x00000000a347c648,0x00000000aa880000)
 Metaspace       used 66569K, capacity 68486K, committed 68504K, reserved 1107968K
  class space    used 8953K, capacity 9377K, committed 9384K, reserved 1048576K
}
Event: 34.312 GC heap before
{Heap before GC invocations=19 (full 3):
 PSYoungGen      total 156160K, used 156119K [0x00000000e0000000, 0x00000000ed000000, 0x0000000100000000)
  eden space 134656K, 99% used [0x00000000e0000000,0x00000000e837d8b8,0x00000000e8380000)
  from space 21504K, 99% used [0x00000000e8380000,0x00000000e98785f8,0x00000000e9880000)
  to   space 30720K, 0% used [0x00000000eb200000,0x00000000eb200000,0x00000000ed000000)
 ParOldGen       total 172544K, used 53745K [0x00000000a0000000, 0x00000000aa880000, 0x00000000e0000000)
  object space 172544K, 31% used [0x00000000a0000000,0x00000000a347c648,0x00000000aa880000)
 Metaspace       used 67696K, capacity 69614K, committed 69656K, reserved 1110016K
  class space    used 9059K, capacity 9475K, committed 9512K, reserved 1048576K
Event: 34.388 GC heap after
Heap after GC invocations=19 (full 3):
 PSYoungGen      total 165376K, used 30690K [0x00000000e0000000, 0x00000000ed000000, 0x0000000100000000)
  eden space 134656K, 0% used [0x00000000e0000000,0x00000000e0000000,0x00000000e8380000)
  from space 30720K, 99% used [0x00000000eb200000,0x00000000ecff8930,0x00000000ed000000)
  to   space 21504K, 0% used [0x00000000e8380000,0x00000000e8380000,0x00000000e9880000)
 ParOldGen       total 172544K, used 53837K [0x00000000a0000000, 0x00000000aa880000, 0x00000000e0000000)
  object space 172544K, 31% used [0x00000000a0000000,0x00000000a3493730,0x00000000aa880000)
 Metaspace       used 67696K, capacity 69614K, committed 69656K, reserved 1110016K
  class space    used 9059K, capacity 9475K, committed 9512K, reserved 1048576K
}

